<?xml version="1.0" encoding="UTF-8"?>
<testsuite xmlns:xsi="http://www.w3.org/2001/XMLSchema-instance" xsi:noNamespaceSchemaLocation="https://maven.apache.org/surefire/maven-surefire-plugin/xsd/surefire-test-report-3.0.xsd" version="3.0" name="com.example.demo.devops.java.ApplicationTests" time="9.125" tests="1" errors="0" skipped="0" failures="0">
  <properties>
[...]
</properties>
  <testcase name="contextLoads" classname="com.example.demo.devops.java.ApplicationTests" time="0.958">
    <system-out><![CDATA[13:59:00.719 [main] INFO org.springframework.test.context.support.AnnotationConfigContextLoaderUtils -- Could not detect default configuration classes for test class [com.example.demo.devops.java.ApplicationTests]: ApplicationTests does not declare any static, non-private, non-final, nested classes annotated with @Configuration.
13:59:00.926 [main] INFO org.springframework.boot.test.context.SpringBootTestContextBootstrapper -- Found @SpringBootConfiguration com.example.demo.devops.java.Application for test class com.example.demo.devops.java.ApplicationTests

  .   ____          _            __ _ _
 /\\ / ___'_ __ _ _(_)_ __  __ _ \ \ \ \
( ( )\___ | '_ | '_| | '_ \/ _` | \ \ \ \
 \\/  ___)| |_)| | | | | || (_| |  ) ) ) )
  '  |____| .__|_| |_|_| |_\__, | / / / /
 =========|_|==============|___/=/_/_/_/

 :: Spring Boot ::                (v3.3.2)

2024-07-28T13:59:01.815+05:30  INFO 20016 --- [           main] c.e.demo.devops.java.ApplicationTests    : Starting ApplicationTests using Java 17.0.3 with PID 20016 (started by Rohit in C:\Users\Rohit\Downloads\demo.devops.java (1)\demo.devops.java)
2024-07-28T13:59:01.818+05:30  INFO 20016 --- [           main] c.e.demo.devops.java.ApplicationTests    : No active profile set, falling back to 1 default profile: "default"
2024-07-28T13:59:02.978+05:30  INFO 20016 --- [           main] .s.d.r.c.RepositoryConfigurationDelegate : Bootstrapping Spring Data JPA repositories in DEFAULT mode.
2024-07-28T13:59:03.091+05:30  INFO 20016 --- [           main] .s.d.r.c.RepositoryConfigurationDelegate : Finished Spring Data repository scanning in 97 ms. Found 1 JPA repository interface.
2024-07-28T13:59:03.985+05:30  INFO 20016 --- [           main] o.hibernate.jpa.internal.util.LogHelper  : HHH000204: Processing PersistenceUnitInfo [name: default]
2024-07-28T13:59:04.116+05:30  INFO 20016 --- [           main] org.hibernate.Version                    : HHH000412: Hibernate ORM core version 6.5.2.Final
2024-07-28T13:59:04.199+05:30  INFO 20016 --- [           main] o.h.c.internal.RegionFactoryInitiator    : HHH000026: Second-level cache disabled
2024-07-28T13:59:04.952+05:30  INFO 20016 --- [           main] o.s.o.j.p.SpringPersistenceUnitInfo      : No LoadTimeWeaver setup: ignoring JPA class transformer
2024-07-28T13:59:05.006+05:30  INFO 20016 --- [           main] com.zaxxer.hikari.HikariDataSource       : HikariPool-1 - Starting...
2024-07-28T13:59:05.557+05:30  INFO 20016 --- [           main] com.zaxxer.hikari.pool.HikariPool        : HikariPool-1 - Added connection com.mysql.cj.jdbc.ConnectionImpl@2c0dca15
2024-07-28T13:59:05.561+05:30  INFO 20016 --- [           main] com.zaxxer.hikari.HikariDataSource       : HikariPool-1 - Start completed.
2024-07-28T13:59:07.215+05:30  INFO 20016 --- [           main] o.h.e.t.j.p.i.JtaPlatformInitiator       : HHH000489: No JTA platform available (set 'hibernate.transaction.jta.platform' to enable JTA platform integration)
2024-07-28T13:59:07.288+05:30  INFO 20016 --- [           main] j.LocalContainerEntityManagerFactoryBean : Initialized JPA EntityManagerFactory for persistence unit 'default'
2024-07-28T13:59:07.896+05:30  WARN 20016 --- [           main] JpaBaseConfiguration$JpaWebConfiguration : spring.jpa.open-in-view is enabled by default. Therefore, database queries may be performed during view rendering. Explicitly configure spring.jpa.open-in-view to disable this warning
2024-07-28T13:59:08.531+05:30  INFO 20016 --- [           main] c.e.demo.devops.java.ApplicationTests    : Started ApplicationTests in 7.258 seconds (process running for 9.247)
]]></system-out>
  </testcase>
</testsuite>